<?xml version="1.0" encoding="UTF-8"?>
<!-- Generated by org.testng.reporters.JUnitReportReporter -->
<testsuite hostname="ACHIT179" failures="0" tests="1" name="TestRunner.runner" time="45.149" errors="0" timestamp="2023-12-13T20:13:41 IST" skipped="0">
  <testcase classname="TestRunner.runner" name="runScenario" time="45.149"/>
</testsuite> <!-- TestRunner.runner -->
